Build started 12/25/2015 10:55:16 PM.
     1>Project "F:\TUM\STUDIES\CLASS\SEM3\IP2\TRIALS\TO TRY or WORK ON\SURF_VIDEO_REFINE\SURF_VIDEO_REFINE\SURF_VIDEO_REFINE.vcxproj" on node 2 (Build target(s)).
     1>Link:
         C:\Program Files (x86)\Microsoft Visual Studio 12.0\VC\bin\x86_amd64\link.exe /ERRORREPORT:PROMPT /OUT:"F:\TUM\STUDIES\CLASS\SEM3\IP2\TRIALS\TO TRY or WORK ON\SURF_VIDEO_REFINE\x64\Debug\SURF_VIDEO_REFINE.exe" /INCREMENTAL /NOLOGO /LIBPATH:C:\opencv\build\x64\vc12\lib /LIBPATH:"C:\Program Files\Microsoft SDKs\Kinect\v2.0_1409\\Lib\x64" opencv_ts300d.lib opencv_world300d.lib opencv_xfeatures2d300d.lib Kinect20.Face.lib Kinect20.Fusion.lib Kinect20.lib Kinect20.VisualGestureBuilder.lib kernel32.lib user32.lib gdi32.lib winspool.lib comdlg32.lib advapi32.lib shell32.lib ole32.lib oleaut32.lib uuid.lib odbc32.lib odbccp32.lib /MANIFEST /MANIFESTUAC:"level='asInvoker' uiAccess='false'" /manifest:embed /DEBUG /PDB:"F:\TUM\STUDIES\CLASS\SEM3\IP2\TRIALS\TO TRY or WORK ON\SURF_VIDEO_REFINE\x64\Debug\SURF_VIDEO_REFINE.pdb" /SUBSYSTEM:CONSOLE /TLBID:1 /DYNAMICBASE /NXCOMPAT /IMPLIB:"F:\TUM\STUDIES\CLASS\SEM3\IP2\TRIALS\TO TRY or WORK ON\SURF_VIDEO_REFINE\x64\Debug\SURF_VIDEO_REFINE.lib" /MACHINE:X64 x64\Debug\SURF_VIDEO_REFINE.obj
         x64\Debug\stdafx.obj
     1>LINK : fatal error LNK1104: cannot open file 'opencv_xfeatures2d300d.lib'
     1>Done Building Project "F:\TUM\STUDIES\CLASS\SEM3\IP2\TRIALS\TO TRY or WORK ON\SURF_VIDEO_REFINE\SURF_VIDEO_REFINE\SURF_VIDEO_REFINE.vcxproj" (Build target(s)) -- FAILED.

Build FAILED.

Time Elapsed 00:00:01.24
